1701095968785	geckodriver	INFO	Listening on 127.0.0.1:55454
1701095971827	mozrunner::runner	INFO	Running command: "C:\\Program Files\\Mozilla Firefox\\firefox.exe" "--marionette" "-no-remote" "-profile" "C:\\Users\\ACER\\AppData\\Local\\Temp\\rust_mozprofileZSEGZZ"
console.warn: services.settings: Ignoring preference override of remote settings server
console.warn: services.settings: Allow by setting MOZ_REMOTE_SETTINGS_DEVTOOLS=1 in the environment
1701095972192	Marionette	INFO	Marionette enabled
Dynamically enable window occlusion 0
1701095972335	Marionette	INFO	Listening on port 55472
Read port: 55472
1701095972513	RemoteAgent	WARN	TLS certificate errors will be ignored for this session
1701096003011	addons.xpi	ERROR	System addon update list error SyntaxError: XMLHttpRequest.open: 'http://%(server)s/dummy-system-addons.xml' is not a valid URL.
1701096063998	Marionette	INFO	Stopped listening on port 55472
Dynamically enable window occlusion 1
JavaScript error: chrome://remote/content/marionette/cert.sys.mjs, line 51: NS_ERROR_NOT_AVAILABLE: Component returned failure code: 0x80040111 (NS_ERROR_NOT_AVAILABLE) [nsICertOverrideService.setDisableAllSecurityChecksAndLetAttackersInterceptMyData]
1701096128808	geckodriver	INFO	Listening on 127.0.0.1:55607
1701096131865	mozrunner::runner	INFO	Running command: "C:\\Program Files\\Mozilla Firefox\\firefox.exe" "--marionette" "-no-remote" "-profile" "C:\\Users\\ACER\\AppData\\Local\\Temp\\rust_mozprofilebM396v"
console.warn: services.settings: Ignoring preference override of remote settings server
console.warn: services.settings: Allow by setting MOZ_REMOTE_SETTINGS_DEVTOOLS=1 in the environment
1701096132237	Marionette	INFO	Marionette enabled
Dynamically enable window occlusion 0
1701096132923	Marionette	INFO	Listening on port 55619
Read port: 55619
1701096133084	RemoteAgent	WARN	TLS certificate errors will be ignored for this session
1701096164143	addons.xpi	ERROR	System addon update list error SyntaxError: XMLHttpRequest.open: 'http://%(server)s/dummy-system-addons.xml' is not a valid URL.
1701096221479	geckodriver	INFO	Listening on 127.0.0.1:55760
1701096224516	mozrunner::runner	INFO	Running command: "C:\\Program Files\\Mozilla Firefox\\firefox.exe" "--marionette" "-no-remote" "-profile" "C:\\Users\\ACER\\AppData\\Local\\Temp\\rust_mozprofileT8UHua"
console.warn: services.settings: Ignoring preference override of remote settings server
console.warn: services.settings: Allow by setting MOZ_REMOTE_SETTINGS_DEVTOOLS=1 in the environment
1701096224894	Marionette	INFO	Marionette enabled
Dynamically enable window occlusion 0
1701096225362	Marionette	INFO	Listening on port 55778
Read port: 55778
1701096225489	RemoteAgent	WARN	TLS certificate errors will be ignored for this session
1701096255349	addons.xpi	ERROR	System addon update list error SyntaxError: XMLHttpRequest.open: 'http://%(server)s/dummy-system-addons.xml' is not a valid URL.
Exiting due to channel error.
Exiting due to channel error.
Exiting due to channel error.
1701100501300	geckodriver	INFO	Listening on 127.0.0.1:57817
1701100504344	mozrunner::runner	INFO	Running command: "C:\\Program Files\\Mozilla Firefox\\firefox.exe" "--marionette" "-no-remote" "-profile" "C:\\Users\\ACER\\AppData\\Local\\Temp\\rust_mozprofileplXQJv"
console.warn: services.settings: Ignoring preference override of remote settings server
console.warn: services.settings: Allow by setting MOZ_REMOTE_SETTINGS_DEVTOOLS=1 in the environment
1701100504738	Marionette	INFO	Marionette enabled
Dynamically enable window occlusion 0
1701100505436	Marionette	INFO	Listening on port 57835
Read port: 57835
1701100505493	RemoteAgent	WARN	TLS certificate errors will be ignored for this session
1701100535969	addons.xpi	ERROR	System addon update list error SyntaxError: XMLHttpRequest.open: 'http://%(server)s/dummy-system-addons.xml' is not a valid URL.
JavaScript warning: https://js-www.smartrecruiters.com/sr-jobs/static/sr-jobs-client-app/polyfills.6af3a01e84490066.js, line 1: Script terminated by timeout at:
invokeTask@https://js-www.smartrecruiters.com/sr-jobs/static/sr-jobs-client-app/polyfills.6af3a01e84490066.js:1:8182
S@https://js-www.smartrecruiters.com/sr-jobs/static/sr-jobs-client-app/polyfills.6af3a01e84490066.js:1:20186
D@https://js-www.smartrecruiters.com/sr-jobs/static/sr-jobs-client-app/polyfills.6af3a01e84490066.js:1:20431

1701100537083	Marionette	INFO	Stopped listening on port 57835
Dynamically enable window occlusion 1
console.error: services.settings: 
  Message: NetworkError: Network error: TypeError: NetworkError: Network request failed
  Stack:
    APIError@resource://services-settings/RemoteSettingsClient.sys.mjs:107:1
NetworkError@resource://services-settings/RemoteSettingsClient.sys.mjs:111:5
_adjustedError@resource://services-settings/RemoteSettingsClient.sys.mjs:907:14
maybeSync@resource://services-settings/RemoteSettingsClient.sys.mjs:812:38

JavaScript error: chrome://remote/content/marionette/cert.sys.mjs, line 51: NS_ERROR_NOT_AVAILABLE: Component returned failure code: 0x80040111 (NS_ERROR_NOT_AVAILABLE) [nsICertOverrideService.setDisableAllSecurityChecksAndLetAttackersInterceptMyData]
console.error: (new AbortError("IndexedDB: main/windows-default-browser-agent getLastModified() IndexedDB:  execute() A request was aborted, for example through a call to IDBTransaction.abort.", "resource://services-settings/IDBHelpers.sys.mjs", 16))
1701100541844	geckodriver	INFO	Listening on 127.0.0.1:57956
1701100544889	mozrunner::runner	INFO	Running command: "C:\\Program Files\\Mozilla Firefox\\firefox.exe" "--marionette" "-no-remote" "-profile" "C:\\Users\\ACER\\AppData\\Local\\Temp\\rust_mozprofileNwjt2D"
console.warn: services.settings: Ignoring preference override of remote settings server
console.warn: services.settings: Allow by setting MOZ_REMOTE_SETTINGS_DEVTOOLS=1 in the environment
1701100545261	Marionette	INFO	Marionette enabled
Dynamically enable window occlusion 0
1701100545959	Marionette	INFO	Listening on port 57966
Read port: 57966
1701100546149	RemoteAgent	WARN	TLS certificate errors will be ignored for this session
1701100576844	addons.xpi	ERROR	System addon update list error SyntaxError: XMLHttpRequest.open: 'http://%(server)s/dummy-system-addons.xml' is not a valid URL.
JavaScript warning: https://js-www.smartrecruiters.com/sr-jobs/static/sr-jobs-client-app/polyfills.6af3a01e84490066.js, line 1: Script terminated by timeout at:
invokeTask@https://js-www.smartrecruiters.com/sr-jobs/static/sr-jobs-client-app/polyfills.6af3a01e84490066.js:1:8182
S@https://js-www.smartrecruiters.com/sr-jobs/static/sr-jobs-client-app/polyfills.6af3a01e84490066.js:1:20186
D@https://js-www.smartrecruiters.com/sr-jobs/static/sr-jobs-client-app/polyfills.6af3a01e84490066.js:1:20431

1701100701500	Marionette	INFO	Stopped listening on port 57966
Dynamically enable window occlusion 1
 port: 58083
1701100698703	RemoteAgent	WARN	TLS certificate errors will be ignored for this session
1701100730573	addons.xpi	ERROR	System addon update list error SyntaxError: XMLHttpRequest.open: 'http://%(server)s/dummy-system-addons.xml' is not a valid URL.
Exiting due to channel error.
Exiting due to channel error.
1701101260032	geckodriver	INFO	Listening on 127.0.0.1:58300
1701101263072	mozrunner::runner	INFO	Running command: "C:\\Program Files\\Mozilla Firefox\\firefox.exe" "--marionette" "-no-remote" "-profile" "C:\\Users\\ACER\\AppData\\Local\\Temp\\rust_mozprofileV93kYJ"
console.warn: services.settings: Ignoring preference override of remote settings server
console.warn: services.settings: Allow by setting MOZ_REMOTE_SETTINGS_DEVTOOLS=1 in the environment
1701101263473	Marionette	INFO	Marionette enabled
Dynamically enable window occlusion 0
1701101264239	Marionette	INFO	Listening on port 58318
Read port: 58318
1701101264411	RemoteAgent	WARN	TLS certificate errors will be ignored for this session
1701101296293	addons.xpi	ERROR	System addon update list error SyntaxError: XMLHttpRequest.open: 'http://%(server)s/dummy-system-addons.xml' is not a valid URL.
1701101609600	geckodriver	INFO	Listening on 127.0.0.1:58493
1701101612670	mozrunner::runner	INFO	Running command: "C:\\Program Files\\Mozilla Firefox\\firefox.exe" "--marionette" "-no-remote" "-profile" "C:\\Users\\ACER\\AppData\\Local\\Temp\\rust_mozprofileOQzo0E"
console.warn: services.settings: Ignoring preference override of remote settings server
console.warn: services.settings: Allow by setting MOZ_REMOTE_SETTINGS_DEVTOOLS=1 in the environment
1701101612986	Marionette	INFO	Marionette enabled
Dynamically enable window occlusion 0
1701101613098	Marionette	INFO	Listening on port 58509
Read port: 58509
1701101613225	RemoteAgent	WARN	TLS certificate errors will be ignored for this session
1701101643008	addons.xpi	ERROR	System addon update list error SyntaxError: XMLHttpRequest.open: 'http://%(server)s/dummy-system-addons.xml' is not a valid URL.
JavaScript error: , line 0: NotFoundError: No such JSWindowActor 'DevToolsFrame'
JavaScript error: , line 0: NotFoundError: No such JSWindowActor 'DevToolsFrame'
Exiting due to channel error.
Listening on 127.0.0.1:61938
1701109303810	mozrunner::runner	INFO	Running command: "C:\\Program Files\\Mozilla Firefox\\firefox.exe" "--marionette" "-no-remote" "-profile" "C:\\Users\\ACER\\AppData\\Local\\Temp\\rust_mozprofilePUd8l4"
console.warn: services.settings: Ignoring preference override of remote settings server
console.warn: services.settings: Allow by setting MOZ_REMOTE_SETTINGS_DEVTOOLS=1 in the environment
1701109304151	Marionette	INFO	Marionette enabled
Dynamically enable window occlusion 0
1701109304272	Marionette	INFO	Listening on port 61948
Read port: 61948
1701109304422	RemoteAgent	WARN	TLS certificate errors will be ignored for this session
1701109312768	Marionette	INFO	Stopped listening on port 61948
Dynamically enable window occlusion 1
1701113011918	geckodriver	INFO	Listening on 127.0.0.1:63915
1701113015002	mozrunner::runner	INFO	Running command: "C:\\Program Files\\Mozilla Firefox\\firefox.exe" "--marionette" "-no-remote" "-profile" "C:\\Users\\ACER\\AppData\\Local\\Temp\\rust_mozprofile80Jord"
console.warn: services.settings: Ignoring preference override of remote settings server
console.warn: services.settings: Allow by setting MOZ_REMOTE_SETTINGS_DEVTOOLS=1 in the environment
1701113015465	Marionette	INFO	Marionette enabled
Dynamically enable window occlusion 0
1701113015947	Marionette	INFO	Listening on port 63931
Read port: 63931
1701113016112	RemoteAgent	WARN	TLS certificate errors will be ignored for this session
1701113024393	Marionette	INFO	Stopped listening on port 63931
JavaScript warning: https://js-www.smartrecruiters.com/sr-jobs/static/sr-jobs-client-app/polyfills.6af3a01e84490066.js, line 1: Script terminated by timeout at:
8583/ye/_/m.args[0]@https://js-www.smartrecruiters.com/sr-jobs/static/sr-jobs-client-app/polyfills.6af3a01e84490066.js:1:30747

Dynamically enable window occlusion 1
1701113942850	geckodriver	INFO	Listening on 127.0.0.1:64375
1701113945910	mozrunner::runner	INFO	Running command: "C:\\Program Files\\Mozilla Firefox\\firefox.exe" "--marionette" "-headless" "-no-remote" "-profile" "C:\\Users\\ACER\\AppData\\Local\\Temp\\rust_mozprofile2ij7Ym"
*** You are running in headless mode.
console.warn: services.settings: Ignoring preference override of remote settings server
console.warn: services.settings: Allow by setting MOZ_REMOTE_SETTINGS_DEVTOOLS=1 in the environment
1701113946239	Marionette	INFO	Marionette enabled
Dynamically enable window occlusion 0
1701113946308	Marionette	INFO	Listening on port 64391
Read port: 64391
1701113946450	RemoteAgent	WARN	TLS certificate errors will be ignored for this session
[GFX1-]: RenderCompositorSWGL failed mapping default framebuffer, no dt
console.error: ({})
1701113954255	Marionette	INFO	Stopped listening on port 64391
Dynamically enable window occlusion 1
1701114076657	geckodriver	INFO	Listening on 127.0.0.1:64470
1701114079721	mozrunner::runner	INFO	Running command: "C:\\Program Files\\Mozilla Firefox\\firefox.exe" "--marionette" "-headless" "-no-remote" "-profile" "C:\\Users\\ACER\\AppData\\Local\\Temp\\rust_mozprofileuIkvRN"
*** You are running in headless mode.
console.warn: services.settings: Ignoring preference override of remote settings server
console.warn: services.settings: Allow by setting MOZ_REMOTE_SETTINGS_DEVTOOLS=1 in the environment
1701114080039	Marionette	INFO	Marionette enabled
Dynamically enable window occlusion 0
1701114080104	Marionette	INFO	Listening on port 64480
Read port: 64480
1701114080244	RemoteAgent	WARN	TLS certificate errors will be ignored for this session
[GFX1-]: RenderCompositorSWGL failed mapping default framebuffer, no dt
console.error: ({})
1701114087731	Marionette	INFO	Stopped listening on port 64480
JavaScript warning: https://js-www.smartrecruiters.com/sr-jobs/static/sr-jobs-client-app/polyfills.6af3a01e84490066.js, line 1: Script terminated by timeout at:
8583/ye/_/m.args[0]@https://js-www.smartrecruiters.com/sr-jobs/static/sr-jobs-client-app/polyfills.6af3a01e84490066.js:1:30747

Dynamically enable window occlusion 1
1701114184816	geckodriver	INFO	Listening on 127.0.0.1:64574
1701114187840	mozrunner::runner	INFO	Running command: "C:\\Program Files\\Mozilla Firefox\\firefox.exe" "--marionette" "-headless" "-no-remote" "-profile" "C:\\Users\\ACER\\AppData\\Local\\Temp\\rust_mozprofilex908oI"
*** You are running in headless mode.
console.warn: services.settings: Ignoring preference override of remote settings server
console.warn: services.settings: Allow by setting MOZ_REMOTE_SETTINGS_DEVTOOLS=1 in the environment
1701114188163	Marionette	INFO	Marionette enabled
Dynamically enable window occlusion 0
1701114188226	Marionette	INFO	Listening on port 64584
Read port: 64584
1701114188370	RemoteAgent	WARN	TLS certificate errors will be ignored for this session
[GFX1-]: RenderCompositorSWGL failed mapping default framebuffer, no dt
console.error: ({})
1701114196155	Marionette	INFO	Stopped listening on port 64584
Dynamically enable window occlusion 1
1701114348309	geckodriver	INFO	Listening on 127.0.0.1:64737
1701114351360	mozrunner::runner	INFO	Running command: "C:\\Program Files\\Mozilla Firefox\\firefox.exe" "--marionette" "-headless" "-no-remote" "-profile" "C:\\Users\\ACER\\AppData\\Local\\Temp\\rust_mozprofileaZWW39"
*** You are running in headless mode.
console.warn: services.settings: Ignoring preference override of remote settings server
console.warn: services.settings: Allow by setting MOZ_REMOTE_SETTINGS_DEVTOOLS=1 in the environment
1701114351676	Marionette	INFO	Marionette enabled
Dynamically enable window occlusion 0
1701114351741	Marionette	INFO	Listening on port 64753
Read port: 64753
1701114351893	RemoteAgent	WARN	TLS certificate errors will be ignored for this session
[GFX1-]: RenderCompositorSWGL failed mapping default framebuffer, no dt
console.error: ({})
1701114359709	Marionette	INFO	Stopped listening on port 64753
Dynamically enable window occlusion 1
1701116262927	geckodriver	INFO	Listening on 127.0.0.1:49518
1701116265981	mozrunner::runner	INFO	Running command: "C:\\Program Files\\Mozilla Firefox\\firefox.exe" "--marionette" "-headless" "-no-remote" "-profile" "C:\\Users\\ACER\\AppData\\Local\\Temp\\rust_mozprofile5cR6J4"
*** You are running in headless mode.
console.warn: services.settings: Ignoring preference override of remote settings server
console.warn: services.settings: Allow by setting MOZ_REMOTE_SETTINGS_DEVTOOLS=1 in the environment
1701116266333	Marionette	INFO	Marionette enabled
Dynamically enable window occlusion 0
1701116266415	Marionette	INFO	Listening on port 49535
Read port: 49535
1701116266574	RemoteAgent	WARN	TLS certificate errors will be ignored for this session
[GFX1-]: RenderCompositorSWGL failed mapping default framebuffer, no dt
console.error: ({})
1701116274227	Marionette	INFO	Stopped listening on port 49535
JavaScript warning: https://js-www.smartrecruiters.com/sr-jobs/static/sr-jobs-client-app/polyfills.6af3a01e84490066.js, line 1: Script terminated by timeout at:
8583/ye/_/m.args[0]@https://js-www.smartrecruiters.com/sr-jobs/static/sr-jobs-client-app/polyfills.6af3a01e84490066.js:1:30747

Dynamically enable window occlusion 1
1701116527441	geckodriver	INFO	Listening on 127.0.0.1:49769
1701116530477	mozrunner::runner	INFO	Running command: "C:\\Program Files\\Mozilla Firefox\\firefox.exe" "--marionette" "-headless" "-no-remote" "-profile" "C:\\Users\\ACER\\AppData\\Local\\Temp\\rust_mozprofileD9DKCY"
*** You are running in headless mode.
console.warn: services.settings: Ignoring preference override of remote settings server
console.warn: services.settings: Allow by setting MOZ_REMOTE_SETTINGS_DEVTOOLS=1 in the environment
1701116530790	Marionette	INFO	Marionette enabled
Dynamically enable window occlusion 0
1701116530858	Marionette	INFO	Listening on port 49779
Read port: 49779
1701116530997	RemoteAgent	WARN	TLS certificate errors will be ignored for this session
[GFX1-]: RenderCompositorSWGL failed mapping default framebuffer, no dt
console.error: ({})
1701116538639	Marionette	INFO	Stopped listening on port 49779
JavaScript warning: https://js-www.smartrecruiters.com/sr-jobs/static/sr-jobs-client-app/polyfills.6af3a01e84490066.js, line 1: Script terminated by timeout at:
8583/ye/_/m.args[0]@https://js-www.smartrecruiters.com/sr-jobs/static/sr-jobs-client-app/polyfills.6af3a01e84490066.js:1:30747

Dynamically enable window occlusion 1
1701116861777	geckodriver	INFO	Listening on 127.0.0.1:50146
1701116864866	mozrunner::runner	INFO	Running command: "C:\\Program Files\\Mozilla Firefox\\firefox.exe" "--marionette" "-headless" "-no-remote" "-profile" "C:\\Users\\ACER\\AppData\\Local\\Temp\\rust_mozprofiletJcZoA"
*** You are running in headless mode.
console.warn: services.settings: Ignoring preference override of remote settings server
console.warn: services.settings: Allow by setting MOZ_REMOTE_SETTINGS_DEVTOOLS=1 in the environment
1701116865194	Marionette	INFO	Marionette enabled
Dynamically enable window occlusion 0
1701116865260	Marionette	INFO	Listening on port 50157
Read port: 50157
1701116865401	RemoteAgent	WARN	TLS certificate errors will be ignored for this session
[GFX1-]: RenderCompositorSWGL failed mapping default framebuffer, no dt
console.error: ({})
1701116872892	Marionette	INFO	Stopped listening on port 50157
JavaScript warning: https://js-www.smartrecruiters.com/sr-jobs/static/sr-jobs-client-app/polyfills.6af3a01e84490066.js, line 1: Script terminated by timeout at:
8583/ye/_/m.args[0]@https://js-www.smartrecruiters.com/sr-jobs/static/sr-jobs-client-app/polyfills.6af3a01e84490066.js:1:30747

Dynamically enable window occlusion 1
1701117405565	geckodriver	INFO	Listening on 127.0.0.1:50810
1701117408573	mozrunner::runner	INFO	Running command: "C:\\Program Files\\Mozilla Firefox\\firefox.exe" "--marionette" "-headless" "-no-remote" "-profile" "C:\\Users\\ACER\\AppData\\Local\\Temp\\rust_mozprofile5SBWmV"
*** You are running in headless mode.
console.warn: services.settings: Ignoring preference override of remote settings server
console.warn: services.settings: Allow by setting MOZ_REMOTE_SETTINGS_DEVTOOLS=1 in the environment
1701117408898	Marionette	INFO	Marionette enabled
Dynamically enable window occlusion 0
1701117408965	Marionette	INFO	Listening on port 50826
Read port: 50826
1701117409110	RemoteAgent	WARN	TLS certificate errors will be ignored for this session
[GFX1-]: RenderCompositorSWGL failed mapping default framebuffer, no dt
console.error: ({})
1701117416545	Marionette	INFO	Stopped listening on port 50826
JavaScript warning: https://js-www.smartrecruiters.com/sr-jobs/static/sr-jobs-client-app/polyfills.6af3a01e84490066.js, line 1: Script terminated by timeout at:
8583/ye/_/m.args[0]@https://js-www.smartrecruiters.com/sr-jobs/static/sr-jobs-client-app/polyfills.6af3a01e84490066.js:1:30747

Dynamically enable window occlusion 1
1701117432478	geckodriver	INFO	Listening on 127.0.0.1:50924
1701117435546	mozrunner::runner	INFO	Running command: "C:\\Program Files\\Mozilla Firefox\\firefox.exe" "--marionette" "-headless" "-no-remote" "-profile" "C:\\Users\\ACER\\AppData\\Local\\Temp\\rust_mozprofileXQeqao"
*** You are running in headless mode.
console.warn: services.settings: Ignoring preference override of remote settings server
console.warn: services.settings: Allow by setting MOZ_REMOTE_SETTINGS_DEVTOOLS=1 in the environment
1701117435933	Marionette	INFO	Marionette enabled
Dynamically enable window occlusion 0
1701117436006	Marionette	INFO	Listening on port 50934
Read port: 50934
1701117436148	RemoteAgent	WARN	TLS certificate errors will be ignored for this session
[GFX1-]: RenderCompositorSWGL failed mapping default framebuffer, no dt
console.error: ({})
1701117443700	Marionette	INFO	Stopped listening on port 50934
JavaScript warning: https://js-www.smartrecruiters.com/sr-jobs/static/sr-jobs-client-app/polyfills.6af3a01e84490066.js, line 1: Script terminated by timeout at:
8583/ye/_/m.args[0]@https://js-www.smartrecruiters.com/sr-jobs/static/sr-jobs-client-app/polyfills.6af3a01e84490066.js:1:30747

Dynamically enable window occlusion 1
1701117516614	geckodriver	INFO	Listening on 127.0.0.1:51027
1701117519669	mozrunner::runner	INFO	Running command: "C:\\Program Files\\Mozilla Firefox\\firefox.exe" "--marionette" "-headless" "-no-remote" "-profile" "C:\\Users\\ACER\\AppData\\Local\\Temp\\rust_mozprofileZ0GS8V"
*** You are running in headless mode.
console.warn: services.settings: Ignoring preference override of remote settings server
console.warn: services.settings: Allow by setting MOZ_REMOTE_SETTINGS_DEVTOOLS=1 in the environment
1701117519995	Marionette	INFO	Marionette enabled
Dynamically enable window occlusion 0
1701117520064	Marionette	INFO	Listening on port 51037
Read port: 51037
1701117520210	RemoteAgent	WARN	TLS certificate errors will be ignored for this session
[GFX1-]: RenderCompositorSWGL failed mapping default framebuffer, no dt
console.error: ({})
1701117527926	Marionette	INFO	Stopped listening on port 51037
Dynamically enable window occlusion 1
1701117571710	geckodriver	INFO	Listening on 127.0.0.1:51099
1701117574749	mozrunner::runner	INFO	Running command: "C:\\Program Files\\Mozilla Firefox\\firefox.exe" "--marionette" "-headless" "-no-remote" "-profile" "C:\\Users\\ACER\\AppData\\Local\\Temp\\rust_mozprofileR4A094"
*** You are running in headless mode.
console.warn: services.settings: Ignoring preference override of remote settings server
console.warn: services.settings: Allow by setting MOZ_REMOTE_SETTINGS_DEVTOOLS=1 in the environment
1701117575068	Marionette	INFO	Marionette enabled
Dynamically enable window occlusion 0
1701117575135	Marionette	INFO	Listening on port 51109
Read port: 51109
1701117575281	RemoteAgent	WARN	TLS certificate errors will be ignored for this session
[GFX1-]: RenderCompositorSWGL failed mapping default framebuffer, no dt
console.error: ({})
1701117582959	Marionette	INFO	Stopped listening on port 51109
Dynamically enable window occlusion 1
1701169205638	geckodriver	INFO	Listening on 127.0.0.1:53722
1701169208669	mozrunner::runner	INFO	Running command: "C:\\Program Files\\Mozilla Firefox\\firefox.exe" "--marionette" "-headless" "-no-remote" "-profile" "C:\\Users\\ACER\\AppData\\Local\\Temp\\rust_mozprofile0sXwRU"
*** You are running in headless mode.
console.warn: services.settings: Ignoring preference override of remote settings server
console.warn: services.settings: Allow by setting MOZ_REMOTE_SETTINGS_DEVTOOLS=1 in the environment
1701169209031	Marionette	INFO	Marionette enabled
Dynamically enable window occlusion 0
1701169209105	Marionette	INFO	Listening on port 53738
Read port: 53738
1701169209260	RemoteAgent	WARN	TLS certificate errors will be ignored for this session
[GFX1-]: RenderCompositorSWGL failed mapping default framebuffer, no dt
console.error: ({})
1701169217199	Marionette	INFO	Stopped listening on port 53738
Dynamically enable window occlusion 1
1701183604107	geckodriver	INFO	Listening on 127.0.0.1:65315
1701183607173	mozrunner::runner	INFO	Running command: "C:\\Program Files\\Mozilla Firefox\\firefox.exe" "--marionette" "-headless" "-no-remote" "-profile" "C:\\Users\\ACER\\AppData\\Local\\Temp\\rust_mozprofileHcAl3b"
*** You are running in headless mode.
console.warn: services.settings: Ignoring preference override of remote settings server
console.warn: services.settings: Allow by setting MOZ_REMOTE_SETTINGS_DEVTOOLS=1 in the environment
1701183607542	Marionette	INFO	Marionette enabled
Dynamically enable window occlusion 0
1701183607621	Marionette	INFO	Listening on port 65329
Read port: 65329
1701183607790	RemoteAgent	WARN	TLS certificate errors will be ignored for this session
[GFX1-]: RenderCompositorSWGL failed mapping default framebuffer, no dt
console.error: ({})
1701183615527	Marionette	INFO	Stopped listening on port 65329
Dynamically enable window occlusion 1
1701201529607	geckodriver	INFO	Listening on 127.0.0.1:49314
1701201532626	mozrunner::runner	INFO	Running command: "C:\\Program Files\\Mozilla Firefox\\firefox.exe" "--marionette" "-headless" "-no-remote" "-profile" "C:\\Users\\ACER\\AppData\\Local\\Temp\\rust_mozprofile4APWoY"
*** You are running in headless mode.
console.warn: services.settings: Ignoring preference override of remote settings server
console.warn: services.settings: Allow by setting MOZ_REMOTE_SETTINGS_DEVTOOLS=1 in the environment
1701201533149	Marionette	INFO	Marionette enabled
Dynamically enable window occlusion 0
1701201533337	Marionette	INFO	Listening on port 49357
Read port: 49357
1701201533603	RemoteAgent	WARN	TLS certificate errors will be ignored for this session
[GFX1-]: RenderCompositorSWGL failed mapping default framebuffer, no dt
console.error: ({})
1701201541816	Marionette	INFO	Stopped listening on port 49357
JavaScript warning: https://js-www.smartrecruiters.com/sr-jobs/static/sr-jobs-client-app/polyfills.6af3a01e84490066.js, line 1: Script terminated by timeout at:
8583/ye/_/m.args[0]@https://js-www.smartrecruiters.com/sr-jobs/static/sr-jobs-client-app/polyfills.6af3a01e84490066.js:1:30747

Dynamically enable window occlusion 1
1701201544239	geckodriver	INFO	Listening on 127.0.0.1:49441
1701201547270	mozrunner::runner	INFO	Running command: "C:\\Program Files\\Mozilla Firefox\\firefox.exe" "--marionette" "-headless" "-no-remote" "-profile" "C:\\Users\\ACER\\AppData\\Local\\Temp\\rust_mozprofilejN6i8B"
*** You are running in headless mode.
console.warn: services.settings: Ignoring preference override of remote settings server
console.warn: services.settings: Allow by setting MOZ_REMOTE_SETTINGS_DEVTOOLS=1 in the environment
1701201547747	Marionette	INFO	Marionette enabled
Dynamically enable window occlusion 0
1701201547839	Marionette	INFO	Listening on port 49465
Read port: 49465
1701201548034	RemoteAgent	WARN	TLS certificate errors will be ignored for this session
[GFX1-]: RenderCompositorSWGL failed mapping default framebuffer, no dt
console.error: ({})
1701201557931	Marionette	INFO	Stopped listening on port 49465
Dynamically enable window occlusion 1
1701201560437	geckodriver	INFO	Listening on 127.0.0.1:49580
1701201563496	mozrunner::runner	INFO	Running command: "C:\\Program Files\\Mozilla Firefox\\firefox.exe" "--marionette" "-headless" "-no-remote" "-profile" "C:\\Users\\ACER\\AppData\\Local\\Temp\\rust_mozprofilejT3uQs"
*** You are running in headless mode.
console.warn: services.settings: Ignoring preference override of remote settings server
console.warn: services.settings: Allow by setting MOZ_REMOTE_SETTINGS_DEVTOOLS=1 in the environment
1701201563850	Marionette	INFO	Marionette enabled
Dynamically enable window occlusion 0
1701201563918	Marionette	INFO	Listening on port 49610
Read port: 49610
1701201564042	RemoteAgent	WARN	TLS certificate errors will be ignored for this session
[GFX1-]: RenderCompositorSWGL failed mapping default framebuffer, no dt
console.error: ({})
1701201572057	Marionette	INFO	Stopped listening on port 49610
JavaScript warning: https://js-www.smartrecruiters.com/sr-jobs/static/sr-jobs-client-app/polyfills.6af3a01e84490066.js, line 1: Script terminated by timeout at:
8583/ye/_/m.args[0]@https://js-www.smartrecruiters.com/sr-jobs/static/sr-jobs-client-app/polyfills.6af3a01e84490066.js:1:30747

Dynamically enable window occlusion 1
1701201574464	geckodriver	INFO	Listening on 127.0.0.1:49702
1701201577556	mozrunner::runner	INFO	Running command: "C:\\Program Files\\Mozilla Firefox\\firefox.exe" "--marionette" "-headless" "-no-remote" "-profile" "C:\\Users\\ACER\\AppData\\Local\\Temp\\rust_mozprofilei6jao8"
*** You are running in headless mode.
console.warn: services.settings: Ignoring preference override of remote settings server
console.warn: services.settings: Allow by setting MOZ_REMOTE_SETTINGS_DEVTOOLS=1 in the environment
1701201577925	Marionette	INFO	Marionette enabled
Dynamically enable window occlusion 0
1701201577996	Marionette	INFO	Listening on port 49723
Read port: 49723
1701201578131	RemoteAgent	WARN	TLS certificate errors will be ignored for this session
[GFX1-]: RenderCompositorSWGL failed mapping default framebuffer, no dt
console.error: ({})
1701201586403	Marionette	INFO	Stopped listening on port 49723
JavaScript warning: https://js-www.smartrecruiters.com/sr-jobs/static/sr-jobs-client-app/polyfills.6af3a01e84490066.js, line 1: Script terminated by timeout at:
8583/ye/_/m.args[0]@https://js-www.smartrecruiters.com/sr-jobs/static/sr-jobs-client-app/polyfills.6af3a01e84490066.js:1:30747

Dynamically enable window occlusion 1
1701255611812	geckodriver	INFO	Listening on 127.0.0.1:51333
1701255614883	mozrunner::runner	INFO	Running command: "C:\\Program Files\\Mozilla Firefox\\firefox.exe" "--marionette" "-headless" "-no-remote" "-profile" "C:\\Users\\ACER\\AppData\\Local\\Temp\\rust_mozprofileGt0EZg"
*** You are running in headless mode.
console.warn: services.settings: Ignoring preference override of remote settings server
console.warn: services.settings: Allow by setting MOZ_REMOTE_SETTINGS_DEVTOOLS=1 in the environment
1701255615238	Marionette	INFO	Marionette enabled
Dynamically enable window occlusion 0
1701255615322	Marionette	INFO	Listening on port 51355
Read port: 51355
1701255615483	RemoteAgent	WARN	TLS certificate errors will be ignored for this session
[GFX1-]: RenderCompositorSWGL failed mapping default framebuffer, no dt
console.error: ({})
1701255623335	Marionette	INFO	Stopped listening on port 51355
JavaScript warning: https://js-www.smartrecruiters.com/sr-jobs/static/sr-jobs-client-app/polyfills.6af3a01e84490066.js, line 1: Script terminated by timeout at:
8583/ye/_/m.args[0]@https://js-www.smartrecruiters.com/sr-jobs/static/sr-jobs-client-app/polyfills.6af3a01e84490066.js:1:30747

Dynamically enable window occlusion 1
1701255626922	geckodriver	INFO	Listening on 127.0.0.1:51431
1701255629976	mozrunner::runner	INFO	Running command: "C:\\Program Files\\Mozilla Firefox\\firefox.exe" "--marionette" "-headless" "-no-remote" "-profile" "C:\\Users\\ACER\\AppData\\Local\\Temp\\rust_mozprofile7w4XLI"
*** You are running in headless mode.
console.warn: services.settings: Ignoring preference override of remote settings server
console.warn: services.settings: Allow by setting MOZ_REMOTE_SETTINGS_DEVTOOLS=1 in the environment
1701255630311	Marionette	INFO	Marionette enabled
Dynamically enable window occlusion 0
1701255630376	Marionette	INFO	Listening on port 51442
Read port: 51442
1701255630535	RemoteAgent	WARN	TLS certificate errors will be ignored for this session
[GFX1-]: RenderCompositorSWGL failed mapping default framebuffer, no dt
console.error: ({})
1701255638326	Marionette	INFO	Stopped listening on port 51442
Dynamically enable window occlusion 1
1701255640322	geckodriver	INFO	Listening on 127.0.0.1:51501
1701255643373	mozrunner::runner	INFO	Running command: "C:\\Program Files\\Mozilla Firefox\\firefox.exe" "--marionette" "-headless" "-no-remote" "-profile" "C:\\Users\\ACER\\AppData\\Local\\Temp\\rust_mozprofilevIhOgh"
*** You are running in headless mode.
console.warn: services.settings: Ignoring preference override of remote settings server
console.warn: services.settings: Allow by setting MOZ_REMOTE_SETTINGS_DEVTOOLS=1 in the environment
1701255643693	Marionette	INFO	Marionette enabled
Dynamically enable window occlusion 0
1701255643758	Marionette	INFO	Listening on port 51511
Read port: 51511
1701255643904	RemoteAgent	WARN	TLS certificate errors will be ignored for this session
[GFX1-]: RenderCompositorSWGL failed mapping default framebuffer, no dt
console.error: ({})
1701255651478	Marionette	INFO	Stopped listening on port 51511
Dynamically enable window occlusion 1
1701255653615	geckodriver	INFO	Listening on 127.0.0.1:51569
1701255656721	mozrunner::runner	INFO	Running command: "C:\\Program Files\\Mozilla Firefox\\firefox.exe" "--marionette" "-headless" "-no-remote" "-profile" "C:\\Users\\ACER\\AppData\\Local\\Temp\\rust_mozprofileRjRDyL"
*** You are running in headless mode.
console.warn: services.settings: Ignoring preference override of remote settings server
console.warn: services.settings: Allow by setting MOZ_REMOTE_SETTINGS_DEVTOOLS=1 in the environment
1701255657040	Marionette	INFO	Marionette enabled
Dynamically enable window occlusion 0
1701255657108	Marionette	INFO	Listening on port 51579
Read port: 51579
1701255657251	RemoteAgent	WARN	TLS certificate errors will be ignored for this session
[GFX1-]: RenderCompositorSWGL failed mapping default framebuffer, no dt
console.error: ({})
1701255664915	Marionette	INFO	Stopped listening on port 51579
Dynamically enable window occlusion 1
1701284407570	geckodriver	INFO	Listening on 127.0.0.1:50806
1701284410621	mozrunner::runner	INFO	Running command: "C:\\Program Files\\Mozilla Firefox\\firefox.exe" "--marionette" "-headless" "-no-remote" "-profile" "C:\\Users\\ACER\\AppData\\Local\\Temp\\rust_mozprofile69Jnb4"
*** You are running in headless mode.
console.warn: services.settings: Ignoring preference override of remote settings server
console.warn: services.settings: Allow by setting MOZ_REMOTE_SETTINGS_DEVTOOLS=1 in the environment
1701284410978	Marionette	INFO	Marionette enabled
Dynamically enable window occlusion 0
1701284411053	Marionette	INFO	Listening on port 50828
Read port: 50828
1701284411209	RemoteAgent	WARN	TLS certificate errors will be ignored for this session
[GFX1-]: RenderCompositorSWGL failed mapping default framebuffer, no dt
console.error: ({})
1701284418815	Marionette	INFO	Stopped listening on port 50828
JavaScript warning: https://js-www.smartrecruiters.com/sr-jobs/static/sr-jobs-client-app/polyfills.6af3a01e84490066.js, line 1: Script terminated by timeout at:
8583/ye/_/m.args[0]@https://js-www.smartrecruiters.com/sr-jobs/static/sr-jobs-client-app/polyfills.6af3a01e84490066.js:1:30747

Dynamically enable window occlusion 1
1701284420799	geckodriver	INFO	Listening on 127.0.0.1:50894
1701284423839	mozrunner::runner	INFO	Running command: "C:\\Program Files\\Mozilla Firefox\\firefox.exe" "--marionette" "-headless" "-no-remote" "-profile" "C:\\Users\\ACER\\AppData\\Local\\Temp\\rust_mozprofilePIZR0j"
*** You are running in headless mode.
console.warn: services.settings: Ignoring preference override of remote settings server
console.warn: services.settings: Allow by setting MOZ_REMOTE_SETTINGS_DEVTOOLS=1 in the environment
1701284424152	Marionette	INFO	Marionette enabled
Dynamically enable window occlusion 0
1701284424216	Marionette	INFO	Listening on port 50904
Read port: 50904
1701284424355	RemoteAgent	WARN	TLS certificate errors will be ignored for this session
[GFX1-]: RenderCompositorSWGL failed mapping default framebuffer, no dt
console.error: ({})
1701284432175	Marionette	INFO	Stopped listening on port 50904
JavaScript warning: https://js-www.smartrecruiters.com/sr-jobs/static/sr-jobs-client-app/polyfills.6af3a01e84490066.js, line 1: Script terminated by timeout at:
8583/ye/_/m.args[0]@https://js-www.smartrecruiters.com/sr-jobs/static/sr-jobs-client-app/polyfills.6af3a01e84490066.js:1:30747

Dynamically enable window occlusion 1
1701284434278	geckodriver	INFO	Listening on 127.0.0.1:50963
1701284437345	mozrunner::runner	INFO	Running command: "C:\\Program Files\\Mozilla Firefox\\firefox.exe" "--marionette" "-headless" "-no-remote" "-profile" "C:\\Users\\ACER\\AppData\\Local\\Temp\\rust_mozprofileTlKRW0"
*** You are running in headless mode.
console.warn: services.settings: Ignoring preference override of remote settings server
console.warn: services.settings: Allow by setting MOZ_REMOTE_SETTINGS_DEVTOOLS=1 in the environment
1701284437657	Marionette	INFO	Marionette enabled
Dynamically enable window occlusion 0
1701284437719	Marionette	INFO	Listening on port 50973
Read port: 50973
1701284437862	RemoteAgent	WARN	TLS certificate errors will be ignored for this session
[GFX1-]: RenderCompositorSWGL failed mapping default framebuffer, no dt
console.error: ({})
1701284445559	Marionette	INFO	Stopped listening on port 50973
Dynamically enable window occlusion 1
1701284447585	geckodriver	INFO	Listening on 127.0.0.1:51032
1701284450650	mozrunner::runner	INFO	Running command: "C:\\Program Files\\Mozilla Firefox\\firefox.exe" "--marionette" "-headless" "-no-remote" "-profile" "C:\\Users\\ACER\\AppData\\Local\\Temp\\rust_mozprofileNnHgai"
*** You are running in headless mode.
console.warn: services.settings: Ignoring preference override of remote settings server
console.warn: services.settings: Allow by setting MOZ_REMOTE_SETTINGS_DEVTOOLS=1 in the environment
1701284450963	Marionette	INFO	Marionette enabled
Dynamically enable window occlusion 0
1701284451028	Marionette	INFO	Listening on port 51042
Read port: 51042
1701284451166	RemoteAgent	WARN	TLS certificate errors will be ignored for this session
[GFX1-]: RenderCompositorSWGL failed mapping default framebuffer, no dt
console.error: ({})
1701284458706	Marionette	INFO	Stopped listening on port 51042
JavaScript warning: https://js-www.smartrecruiters.com/sr-jobs/static/sr-jobs-client-app/polyfills.6af3a01e84490066.js, line 1: Script terminated by timeout at:
8583/ye/_/m.args[0]@https://js-www.smartrecruiters.com/sr-jobs/static/sr-jobs-client-app/polyfills.6af3a01e84490066.js:1:30747

Dynamically enable window occlusion 1
